-------------------------------
Number-agreement task: objrel_nounpp_V1
-------------------------------

[['number_1', 'singular'], ['number_2', 'singular'], ['number_3', 'singular']]
0.677734375
p-difference: 0.00001 +- 0.00002

[['number_1', 'singular'], ['number_2', 'singular'], ['number_3', 'plural']]
0.60546875
p-difference: 0.00000 +- 0.00002

[['number_1', 'singular'], ['number_2', 'plural'], ['number_3', 'singular']]
0.544921875
p-difference: 0.00001 +- 0.00004

[['number_1', 'singular'], ['number_2', 'plural'], ['number_3', 'plural']]
0.453125
p-difference: -0.00000 +- 0.00002

[['number_1', 'plural'], ['number_2', 'singular'], ['number_3', 'singular']]
0.75390625
p-difference: 0.00001 +- 0.00003

[['number_1', 'plural'], ['number_2', 'singular'], ['number_3', 'plural']]
0.77734375
p-difference: 0.00001 +- 0.00004

[['number_1', 'plural'], ['number_2', 'plural'], ['number_3', 'singular']]
0.779296875
p-difference: 0.00002 +- 0.00007

[['number_1', 'plural'], ['number_2', 'plural'], ['number_3', 'plural']]
0.830078125
p-difference: 0.00002 +- 0.00005
-------------------------------
Number-agreement task: objrel_nounpp_V2
-------------------------------

[['number_1', 'singular'], ['number_2', 'singular'], ['number_3', 'singular']]
0.943359375
p-difference: 0.00017 +- 0.00045

[['number_1', 'singular'], ['number_2', 'singular'], ['number_3', 'plural']]
0.7109375
p-difference: 0.00005 +- 0.00020

[['number_1', 'singular'], ['number_2', 'plural'], ['number_3', 'singular']]
0.29296875
p-difference: -0.00006 +- 0.00031

[['number_1', 'singular'], ['number_2', 'plural'], ['number_3', 'plural']]
0.72265625
p-difference: 0.00010 +- 0.00031

[['number_1', 'plural'], ['number_2', 'singular'], ['number_3', 'singular']]
0.662109375
p-difference: 0.00005 +- 0.00024

[['number_1', 'plural'], ['number_2', 'singular'], ['number_3', 'plural']]
0.1875
p-difference: -0.00006 +- 0.00016

[['number_1', 'plural'], ['number_2', 'plural'], ['number_3', 'singular']]
0.728515625
p-difference: 0.00011 +- 0.00035

[['number_1', 'plural'], ['number_2', 'plural'], ['number_3', 'plural']]
0.90234375
p-difference: 0.00019 +- 0.00056
-------------------------------
Number-agreement task: embedding_mental_V1
-------------------------------

[['number_1', 'singular'], ['number_2', 'singular'], ['number_3', 'singular']]
1.0
p-difference: 0.00051 +- 0.00082

[['number_1', 'singular'], ['number_2', 'singular'], ['number_3', 'plural']]
1.0
p-difference: 0.00052 +- 0.00080

[['number_1', 'singular'], ['number_2', 'plural'], ['number_3', 'singular']]
1.0
p-difference: 0.00050 +- 0.00082

[['number_1', 'singular'], ['number_2', 'plural'], ['number_3', 'plural']]
1.0
p-difference: 0.00058 +- 0.00088

[['number_1', 'plural'], ['number_2', 'singular'], ['number_3', 'singular']]
1.0
p-difference: 0.00016 +- 0.00031

[['number_1', 'plural'], ['number_2', 'singular'], ['number_3', 'plural']]
1.0
p-difference: 0.00015 +- 0.00031

[['number_1', 'plural'], ['number_2', 'plural'], ['number_3', 'singular']]
1.0
p-difference: 0.00014 +- 0.00028

[['number_1', 'plural'], ['number_2', 'plural'], ['number_3', 'plural']]
1.0
p-difference: 0.00016 +- 0.00032
-------------------------------
Number-agreement task: embedding_mental_V2
-------------------------------

[['number_1', 'singular'], ['number_2', 'singular'], ['number_3', 'singular']]
0.923828125
p-difference: 0.00026 +- 0.00077

[['number_1', 'singular'], ['number_2', 'singular'], ['number_3', 'plural']]
0.505859375
p-difference: 0.00002 +- 0.00037

[['number_1', 'singular'], ['number_2', 'plural'], ['number_3', 'singular']]
0.87890625
p-difference: 0.00028 +- 0.00091

[['number_1', 'singular'], ['number_2', 'plural'], ['number_3', 'plural']]
0.982421875
p-difference: 0.00046 +- 0.00117

[['number_1', 'plural'], ['number_2', 'singular'], ['number_3', 'singular']]
0.92578125
p-difference: 0.00030 +- 0.00093

[['number_1', 'plural'], ['number_2', 'singular'], ['number_3', 'plural']]
0.529296875
p-difference: 0.00002 +- 0.00032

[['number_1', 'plural'], ['number_2', 'plural'], ['number_3', 'singular']]
0.8828125
p-difference: 0.00021 +- 0.00052

[['number_1', 'plural'], ['number_2', 'plural'], ['number_3', 'plural']]
0.986328125
p-difference: 0.00044 +- 0.00128
