-------------------------------
Number-agreement task: objrel_V1
-------------------------------

[['number_1', 'singular'], ['number_2', 'singular']]
0.65625
p-difference: 0.00001 +- 0.00002

[['number_1', 'singular'], ['number_2', 'plural']]
0.5712890625
p-difference: 0.00000 +- 0.00004

[['number_1', 'plural'], ['number_2', 'singular']]
0.7353515625
p-difference: 0.00001 +- 0.00006

[['number_1', 'plural'], ['number_2', 'plural']]
0.76171875
p-difference: 0.00001 +- 0.00005
-------------------------------
Number-agreement task: objrel_V2
-------------------------------

[['number_1', 'singular'], ['number_2', 'singular']]
0.978515625
p-difference: 0.00023 +- 0.00058

[['number_1', 'singular'], ['number_2', 'plural']]
0.990234375
p-difference: 0.00038 +- 0.00105

[['number_1', 'plural'], ['number_2', 'singular']]
0.7919921875
p-difference: 0.00008 +- 0.00034

[['number_1', 'plural'], ['number_2', 'plural']]
0.9970703125
p-difference: 0.00027 +- 0.00082
-------------------------------
Number-agreement task: embedding_mental_SR_V1
-------------------------------

[['number_1', 'singular'], ['number_2', 'singular']]
1.0
p-difference: 0.00056 +- 0.00086

[['number_1', 'singular'], ['number_2', 'plural']]
1.0
p-difference: 0.00053 +- 0.00085

[['number_1', 'plural'], ['number_2', 'singular']]
1.0
p-difference: 0.00014 +- 0.00028

[['number_1', 'plural'], ['number_2', 'plural']]
1.0
p-difference: 0.00013 +- 0.00026
-------------------------------
Number-agreement task: embedding_mental_SR_V2
-------------------------------

[['number_1', 'singular'], ['number_2', 'singular']]
0.958984375
p-difference: 0.00018 +- 0.00061

[['number_1', 'singular'], ['number_2', 'plural']]
1.0
p-difference: 0.00021 +- 0.00044

[['number_1', 'plural'], ['number_2', 'singular']]
0.9677734375
p-difference: 0.00014 +- 0.00044

[['number_1', 'plural'], ['number_2', 'plural']]
1.0
p-difference: 0.00017 +- 0.00046
