This is pdfTeX, Version 3.14159265-2.6-1.40.16 (TeX Live 2015/Debian) (preloaded format=pdflatex 2018.8.7)  5 NOV 2018 23:29
entering extended mode
 restricted \write18 enabled.
 %&-line parsing enabled.
**main.tex
(./main.tex
LaTeX2e <2016/02/01>
Babel <3.9q> and hyphenation patterns for 3 language(s) loaded.
(/usr/share/texlive/texmf-dist/tex/latex/base/article.cls
Document Class: article 2014/09/29 v1.4h Standard LaTeX document class
(/usr/share/texlive/texmf-dist/tex/latex/base/size11.clo
File: size11.clo 2014/09/29 v1.4h Standard LaTeX file (size option)
)
\c@part=\count79
\c@section=\count80
\c@subsection=\count81
\c@subsubsection=\count82
\c@paragraph=\count83
\c@subparagraph=\count84
\c@figure=\count85
\c@table=\count86
\abovecaptionskip=\skip41
\belowcaptionskip=\skip42
\bibindent=\dimen102
) (./naaclhlt2016.sty
Conference Style for NAACL-HLT 2016 -- released October 13, 2015
\titlebox=\skip43
\naaclrulerbox=\box26
\naaclrulercount=\count87
\naaclruleroffset=\dimen103
\cv@lineheight=\dimen104
\cv@boxheight=\dimen105
\cv@tmpbox=\box27
\cv@refno=\count88
\cv@tot=\count89
\cv@tmpc@=\count90
\cv@tmpc=\count91
) (/usr/share/texlive/texmf-dist/tex/latex/psnfss/times.sty
Package: times 2005/04/12 PSNFSS-v9.2a (SPQR) 
)
(/usr/share/texlive/texmf-dist/tex/latex/base/latexsym.sty
Package: latexsym 1998/08/17 v2.2e Standard LaTeX package (lasy symbols)
\symlasy=\mathgroup4
LaTeX Font Info:    Overwriting symbol font `lasy' in version `bold'
(Font)                  U/lasy/m/n --> U/lasy/b/n on input line 52.
)
(/usr/share/texlive/texmf-dist/tex/latex/graphics/graphicx.sty
Package: graphicx 2014/10/28 v1.0g Enhanced LaTeX Graphics (DPC,SPQR)

(/usr/share/texlive/texmf-dist/tex/latex/graphics/keyval.sty
Package: keyval 2014/10/28 v1.15 key=value parser (DPC)
\KV@toks@=\toks14
)
(/usr/share/texlive/texmf-dist/tex/latex/graphics/graphics.sty
Package: graphics 2016/01/03 v1.0q Standard LaTeX Graphics (DPC,SPQR)

(/usr/share/texlive/texmf-dist/tex/latex/graphics/trig.sty
Package: trig 2016/01/03 v1.10 sin cos tan (DPC)
)
(/usr/share/texlive/texmf-dist/tex/latex/latexconfig/graphics.cfg
File: graphics.cfg 2010/04/23 v1.9 graphics configuration of TeX Live
)
Package graphics Info: Driver file: pdftex.def on input line 95.

(/usr/share/texlive/texmf-dist/tex/latex/pdftex-def/pdftex.def
File: pdftex.def 2011/05/27 v0.06d Graphics/color for pdfTeX

(/usr/share/texlive/texmf-dist/tex/generic/oberdiek/infwarerr.sty
Package: infwarerr 2010/04/08 v1.3 Providing info/warning/error messages (HO)
)
(/usr/share/texlive/texmf-dist/tex/generic/oberdiek/ltxcmds.sty
Package: ltxcmds 2011/11/09 v1.22 LaTeX kernel commands for general use (HO)
)
\Gread@gobject=\count92
))
\Gin@req@height=\dimen106
\Gin@req@width=\dimen107
)

! LaTeX Error: File `lipsum.sty' not found.

Type X to quit or <RETURN> to proceed,
or enter new name. (Default extension: sty)

Enter file name: 
(/usr/share/texlive/texmf-dist/tex/latex/url/url.sty
\Urlmuskip=\muskip10
Package: url 2013/09/16  ver 3.4  Verb mode for urls, etc.
)
(/usr/share/texlive/texmf-dist/tex/latex/tools/array.sty
Package: array 2014/10/28 v2.4c Tabular extension package (FMi)
\col@sep=\dimen108
\extrarowheight=\dimen109
\NC@list=\toks15
\extratabsurround=\skip44
\backup@length=\skip45
)
(/usr/share/texmf/tex/latex/lm/lmodern.sty
Package: lmodern 2009/10/30 v1.6 Latin Modern Fonts
LaTeX Font Info:    Overwriting symbol font `operators' in version `normal'
(Font)                  OT1/cmr/m/n --> OT1/lmr/m/n on input line 22.
LaTeX Font Info:    Overwriting symbol font `letters' in version `normal'
(Font)                  OML/cmm/m/it --> OML/lmm/m/it on input line 23.
LaTeX Font Info:    Overwriting symbol font `symbols' in version `normal'
(Font)                  OMS/cmsy/m/n --> OMS/lmsy/m/n on input line 24.
LaTeX Font Info:    Overwriting symbol font `largesymbols' in version `normal'
(Font)                  OMX/cmex/m/n --> OMX/lmex/m/n on input line 25.
LaTeX Font Info:    Overwriting symbol font `operators' in version `bold'
(Font)                  OT1/cmr/bx/n --> OT1/lmr/bx/n on input line 26.
LaTeX Font Info:    Overwriting symbol font `letters' in version `bold'
(Font)                  OML/cmm/b/it --> OML/lmm/b/it on input line 27.
LaTeX Font Info:    Overwriting symbol font `symbols' in version `bold'
(Font)                  OMS/cmsy/b/n --> OMS/lmsy/b/n on input line 28.
LaTeX Font Info:    Overwriting symbol font `largesymbols' in version `bold'
(Font)                  OMX/cmex/m/n --> OMX/lmex/m/n on input line 29.
LaTeX Font Info:    Overwriting math alphabet `\mathbf' in version `normal'
(Font)                  OT1/cmr/bx/n --> OT1/lmr/bx/n on input line 31.
LaTeX Font Info:    Overwriting math alphabet `\mathsf' in version `normal'
(Font)                  OT1/cmss/m/n --> OT1/lmss/m/n on input line 32.
LaTeX Font Info:    Overwriting math alphabet `\mathit' in version `normal'
(Font)                  OT1/cmr/m/it --> OT1/lmr/m/it on input line 33.
LaTeX Font Info:    Overwriting math alphabet `\mathtt' in version `normal'
(Font)                  OT1/cmtt/m/n --> OT1/lmtt/m/n on input line 34.
LaTeX Font Info:    Overwriting math alphabet `\mathbf' in version `bold'
(Font)                  OT1/cmr/bx/n --> OT1/lmr/bx/n on input line 35.
LaTeX Font Info:    Overwriting math alphabet `\mathsf' in version `bold'
(Font)                  OT1/cmss/bx/n --> OT1/lmss/bx/n on input line 36.
LaTeX Font Info:    Overwriting math alphabet `\mathit' in version `bold'
(Font)                  OT1/cmr/bx/it --> OT1/lmr/bx/it on input line 37.
LaTeX Font Info:    Overwriting math alphabet `\mathtt' in version `bold'
(Font)                  OT1/cmtt/m/n --> OT1/lmtt/m/n on input line 38.
)
(/usr/share/texlive/texmf-dist/tex/latex/siunitx/siunitx.sty
(/usr/share/texlive/texmf-dist/tex/latex/l3kernel/expl3.sty
Package: expl3 2016/01/19 v6377 L3 programming layer (loader) 

(/usr/share/texlive/texmf-dist/tex/latex/l3kernel/expl3-code.tex
Package: expl3 2016/01/19 v6377 L3 programming layer (code)
L3 Module: l3bootstrap 2016/01/01 v6339 L3 Bootstrap code
L3 Module: l3names 2015/12/21 v6328 L3 Namespace for primitives
L3 Module: l3basics 2015/11/22 v6315 L3 Basic definitions
L3 Module: l3expan 2015/09/10 v5983 L3 Argument expansion
L3 Module: l3tl 2015/09/29 v6121 L3 Token lists
L3 Module: l3str 2016/01/03 v6357 L3 Strings
L3 Module: l3seq 2015/08/05 v5777 L3 Sequences and stacks
L3 Module: l3int 2016/01/05 v6366 L3 Integers
\c_max_int=\count93
\l_tmpa_int=\count94
\l_tmpb_int=\count95
\g_tmpa_int=\count96
\g_tmpb_int=\count97
L3 Module: l3quark 2015/08/17 v5855 L3 Quarks
L3 Module: l3prg 2015/11/01 v6216 L3 Control structures
\g__prg_map_int=\count98
L3 Module: l3clist 2015/09/02 v5901 L3 Comma separated lists
L3 Module: l3token 2015/11/11 v6249 L3 Experimental token manipulation
L3 Module: l3prop 2016/01/05 v6366 L3 Property lists
L3 Module: l3msg 2015/09/28 v6113 L3 Messages
L3 Module: l3file 2015/12/03 v6317 L3 File and I/O operations
\l_iow_line_count_int=\count99
\l__iow_target_count_int=\count100
\l__iow_current_line_int=\count101
\l__iow_current_word_int=\count102
\l__iow_current_indentation_int=\count103
L3 Module: l3skip 2016/01/05 v6366 L3 Dimensions and skips
\c_zero_dim=\dimen110
\c_max_dim=\dimen111
\l_tmpa_dim=\dimen112
\l_tmpb_dim=\dimen113
\g_tmpa_dim=\dimen114
\g_tmpb_dim=\dimen115
\c_zero_skip=\skip46
\c_max_skip=\skip47
\l_tmpa_skip=\skip48
\l_tmpb_skip=\skip49
\g_tmpa_skip=\skip50
\g_tmpb_skip=\skip51
\c_zero_muskip=\muskip11
\c_max_muskip=\muskip12
\l_tmpa_muskip=\muskip13
\l_tmpb_muskip=\muskip14
\g_tmpa_muskip=\muskip15
\g_tmpb_muskip=\muskip16
L3 Module: l3keys 2015/11/17 v6284 L3 Key-value interfaces
\g__keyval_level_int=\count104
\l_keys_choice_int=\count105
L3 Module: l3fp 2015/08/25 v5890 L3 Floating points
\c__fp_leading_shift_int=\count106
\c__fp_middle_shift_int=\count107
\c__fp_trailing_shift_int=\count108
\c__fp_big_leading_shift_int=\count109
\c__fp_big_middle_shift_int=\count110
\c__fp_big_trailing_shift_int=\count111
\c__fp_Bigg_leading_shift_int=\count112
\c__fp_Bigg_middle_shift_int=\count113
\c__fp_Bigg_trailing_shift_int=\count114
L3 Module: l3box 2015/08/09 v5822 L3 Experimental boxes
\c_empty_box=\box28
\l_tmpa_box=\box29
\l_tmpb_box=\box30
\g_tmpa_box=\box31
\g_tmpb_box=\box32
L3 Module: l3coffins 2015/08/06 v5789 L3 Coffin code layer
\l__coffin_internal_box=\box33
\l__coffin_internal_dim=\dimen116
\l__coffin_offset_x_dim=\dimen117
\l__coffin_offset_y_dim=\dimen118
\l__coffin_x_dim=\dimen119
\l__coffin_y_dim=\dimen120
\l__coffin_x_prime_dim=\dimen121
\l__coffin_y_prime_dim=\dimen122
\c_empty_coffin=\box34
\l__coffin_aligned_coffin=\box35
\l__coffin_aligned_internal_coffin=\box36
\l_tmpa_coffin=\box37
\l_tmpb_coffin=\box38
\l__coffin_display_coffin=\box39
\l__coffin_display_coord_coffin=\box40
\l__coffin_display_pole_coffin=\box41
\l__coffin_display_offset_dim=\dimen123
\l__coffin_display_x_dim=\dimen124
\l__coffin_display_y_dim=\dimen125
L3 Module: l3color 2014/08/23 v5354 L3 Experimental color support
L3 Module: l3sys 2015/09/25 v6087 L3 Experimental system/runtime functions
L3 Module: l3candidates 2016/01/14 v6376 L3 Experimental additions to l3kernel
\l__box_top_dim=\dimen126
\l__box_bottom_dim=\dimen127
\l__box_left_dim=\dimen128
\l__box_right_dim=\dimen129
\l__box_top_new_dim=\dimen130
\l__box_bottom_new_dim=\dimen131
\l__box_left_new_dim=\dimen132
\l__box_right_new_dim=\dimen133
\l__box_internal_box=\box42
\l__coffin_bounding_shift_dim=\dimen134
\l__coffin_left_corner_dim=\dimen135
\l__coffin_right_corner_dim=\dimen136
\l__coffin_bottom_corner_dim=\dimen137
\l__coffin_top_corner_dim=\dimen138
\l__coffin_scaled_total_height_dim=\dimen139
\l__coffin_scaled_width_dim=\dimen140
L3 Module: l3luatex 2015/11/11 v6250 L3 Experimental LuaTeX-specific functions
)
(/usr/share/texlive/texmf-dist/tex/latex/l3kernel/l3pdfmode.def
File: l3pdfmode.def 2015/11/11 v6250 L3 Experimental driver: PDF mode
\l__driver_color_stack_int=\count115
))
(/usr/share/texlive/texmf-dist/tex/latex/l3packages/xparse/xparse.sty
Package: xparse 2016/01/19 v6377 L3 Experimental document command parser
\l__xparse_current_arg_int=\count116
\l__xparse_m_args_int=\count117
\l__xparse_mandatory_args_int=\count118
\l__xparse_processor_int=\count119
\l__xparse_v_nesting_int=\count120
)
Package: siunitx 2016/03/01 v2.6q A comprehensive (SI) units package

(/usr/share/texlive/texmf-dist/tex/latex/amsmath/amstext.sty
Package: amstext 2000/06/29 v2.01 AMS text

(/usr/share/texlive/texmf-dist/tex/latex/amsmath/amsgen.sty
File: amsgen.sty 1999/11/30 v2.0 generic functions
\@emptytoks=\toks16
\ex@=\dimen141
))
(/usr/share/texlive/texmf-dist/tex/latex/l3packages/l3keys2e/l3keys2e.sty
Package: l3keys2e 2016/01/19 v6377 LaTeX2e option processing using LaTeX3 keys
)
\l__siunitx_tmp_box=\box43
\l__siunitx_tmp_dim=\dimen142
\l__siunitx_tmp_int=\count121
\l__siunitx_number_mantissa_length_int=\count122
\l__siunitx_number_uncert_length_int=\count123
\l__siunitx_round_int=\count124
\l__siunitx_process_decimal_int=\count125
\l__siunitx_process_uncertainty_int=\count126
\l__siunitx_process_fixed_int=\count127
\l__siunitx_process_integer_min_int=\count128
\l__siunitx_process_precision_int=\count129
\l__siunitx_group_min_int=\count130
\l__siunitx_angle_marker_box=\box44
\l__siunitx_angle_unit_box=\box45
\l__siunitx_angle_marker_dim=\dimen143
\l__siunitx_angle_unit_dim=\dimen144
\l__siunitx_unit_int=\count131
\l__siunitx_unit_denominator_int=\count132
\l__siunitx_unit_numerator_int=\count133
\l__siunitx_unit_prefix_int=\count134
\l__siunitx_unit_prefix_base_int=\count135
\l__siunitx_unit_prefix_gram_int=\count136
\l__siunitx_number_product_int=\count137
\c__siunitx_one_fill_skip=\skip52
\l__siunitx_table_unit_align_skip=\skip53
\l__siunitx_table_exponent_dim=\dimen145
\l__siunitx_table_integer_dim=\dimen146
\l__siunitx_table_mantissa_dim=\dimen147
\l__siunitx_table_marker_dim=\dimen148
\l__siunitx_table_result_dim=\dimen149
\l__siunitx_table_uncert_dim=\dimen150
\l__siunitx_table_fill_pre_dim=\dimen151
\l__siunitx_table_fill_post_dim=\dimen152
\l__siunitx_table_fill_mid_dim=\dimen153
\l__siunitx_table_pre_box=\box46
\l__siunitx_table_post_box=\box47
\l__siunitx_table_mantissa_box=\box48
\l__siunitx_table_result_box=\box49
\l__siunitx_table_number_align_skip=\skip54
\l__siunitx_table_text_align_skip=\skip55
.................................................
. LaTeX info: "xparse/define-command"
. 
. Defining command \DeclareBinaryPrefix with sig. 'mmm' on line 7218.
.................................................
.................................................
. LaTeX info: "xparse/define-command"
. 
. Defining command \DeclareSIPostPower with sig. 'mm' on line 7221.
.................................................
.................................................
. LaTeX info: "xparse/define-command"
. 
. Defining command \DeclareSIPrefix with sig. 'mmm' on line 7224.
.................................................
.................................................
. LaTeX info: "xparse/define-command"
. 
. Defining command \DeclareSIPrePower with sig. 'mm' on line 7227.
.................................................
.................................................
. LaTeX info: "xparse/define-command"
. 
. Defining command \DeclareSIQualifier with sig. 'mm' on line 7230.
.................................................
.................................................
. LaTeX info: "xparse/define-command"
. 
. Defining command \DeclareSIUnit with sig. 'O{}mm' on line 7233.
.................................................
.................................................
. LaTeX info: "xparse/define-command"
. 
. Defining command \DeclareSIUnitWithOptions with sig. 'mmm' on line 7236.
.................................................
.................................................
. LaTeX info: "xparse/define-command"
. 
. Defining command \ang with sig. 'o>{\SplitArgument {2}{;}}m' on line 7251.
.................................................
.................................................
. LaTeX info: "xparse/define-command"
. 
. Defining command \num with sig. 'om' on line 7260.
.................................................
.................................................
. LaTeX info: "xparse/define-command"
. 
. Defining command \numlist with sig. 'o>{\SplitList {;}}m' on line 7269.
.................................................
.................................................
. LaTeX info: "xparse/define-command"
. 
. Defining command \numrange with sig. 'omm' on line 7278.
.................................................
.................................................
. LaTeX info: "xparse/define-command"
. 
. Defining command \SIlist with sig. 'o>{\SplitList {;}}mm' on line 7290.
.................................................
.................................................
. LaTeX info: "xparse/define-command"
. 
. Defining command \SIrange with sig. 'ommm' on line 7302.
.................................................
.................................................
. LaTeX info: "xparse/define-command"
. 
. Defining command \SI with sig. 'omom' on line 7314.
.................................................
.................................................
. LaTeX info: "xparse/define-command"
. 
. Defining command \sisetup with sig. 'm' on line 7317.
.................................................
.................................................
. LaTeX info: "xparse/define-command"
. 
. Defining command \tablenum with sig. 'om' on line 7332.
.................................................
.................................................
. LaTeX info: "xparse/define-command"
. 
. Defining command \si with sig. 'om' on line 7344.
.................................................
.................................................
. LaTeX info: "xparse/define-command"
. 
. Defining command \__siunitx_bookmark_num:w with sig. 'om' on line 7391.
.................................................
.................................................
. LaTeX info: "xparse/define-command"
. 
. Defining command \__siunitx_bookmark_numrange:w with sig. 'omm' on line
. 7393.
.................................................
.................................................
. LaTeX info: "xparse/define-command"
. 
. Defining command \__siunitx_bookmark_SI:w with sig. 'omom' on line 7395.
.................................................
.................................................
. LaTeX info: "xparse/define-command"
. 
. Defining command \__siunitx_bookmark_SIlist:w with sig. 'omm' on line 7397.
.................................................
.................................................
. LaTeX info: "xparse/define-command"
. 
. Defining command \__siunitx_bookmark_SIrange:w with sig. 'ommm' on line
. 7399.
.................................................
.................................................
. LaTeX info: "xparse/define-command"
. 
. Defining command \__siunitx_bookmark_si:w with sig. 'om' on line 7400.
.................................................
\g__file_internal_ior=\read1

(/usr/share/texlive/texmf-dist/tex/latex/beamer/translator/translator.sty
Package: translator 2010/06/12 ver 1.10

(/usr/share/texlive/texmf-dist/tex/latex/beamer/translator/translator-language-
mappings.tex))) (/usr/share/texlive/texmf-dist/tex/latex/booktabs/booktabs.sty
Package: booktabs 2005/04/14 v1.61803 publication quality tables
\heavyrulewidth=\dimen154
\lightrulewidth=\dimen155
\cmidrulewidth=\dimen156
\belowrulesep=\dimen157
\belowbottomsep=\dimen158
\aboverulesep=\dimen159
\abovetopsep=\dimen160
\cmidrulesep=\dimen161
\cmidrulekern=\dimen162
\defaultaddspace=\dimen163
\@cmidla=\count138
\@cmidlb=\count139
\@aboverulesep=\dimen164
\@belowrulesep=\dimen165
\@thisruleclass=\count140
\@lastruleclass=\count141
\@thisrulewidth=\dimen166
)

! LaTeX Error: File `etoolbox.sty' not found.

Type X to quit or <RETURN> to proceed,
or enter new name. (Default extension: sty)

Enter file name: 
! Undefined control sequence.
l.21 \renewrobustcmd
                    {\bfseries}{\fontseries{b}\selectfont}
? 
! Undefined control sequence.
l.22 \renewrobustcmd
                    {\boldmath}{}
? 
LaTeX Font Info:    Try loading font information for OT1+lmr on input line 22.
(/usr/share/texmf/tex/latex/lm/ot1lmr.fd
File: ot1lmr.fd 2009/10/30 v1.6 Font defs for Latin Modern
)
LaTeX Font Info:    Try loading font information for OML+lmm on input line 22.

(/usr/share/texmf/tex/latex/lm/omllmm.fd
File: omllmm.fd 2009/10/30 v1.6 Font defs for Latin Modern
)
LaTeX Font Info:    Try loading font information for OMS+lmsy on input line 22.


(/usr/share/texmf/tex/latex/lm/omslmsy.fd
File: omslmsy.fd 2009/10/30 v1.6 Font defs for Latin Modern
)
LaTeX Font Info:    Try loading font information for OMX+lmex on input line 22.


(/usr/share/texmf/tex/latex/lm/omxlmex.fd
File: omxlmex.fd 2009/10/30 v1.6 Font defs for Latin Modern
)
LaTeX Font Info:    External font `lmex10' loaded for size
(Font)              <10.95> on input line 22.
LaTeX Font Info:    External font `lmex10' loaded for size
(Font)              <8> on input line 22.
LaTeX Font Info:    External font `lmex10' loaded for size
(Font)              <6> on input line 22.
LaTeX Font Info:    Try loading font information for U+lasy on input line 22.

(/usr/share/texlive/texmf-dist/tex/latex/base/ulasy.fd
File: ulasy.fd 1998/08/17 v2.2e LaTeX symbol font definitions
)
! Undefined control sequence.
l.23 \newrobustcmd
                  {\B}{\bfseries}
? 
! Undefined control sequence.
l.23 \newrobustcmd{\B
                     }{\bfseries}
? 
(/usr/share/texlive/texmf-dist/tex/latex/xcolor/xcolor.sty
Package: xcolor 2007/01/21 v2.11 LaTeX color extensions (UK)

(/usr/share/texlive/texmf-dist/tex/latex/latexconfig/color.cfg
File: color.cfg 2007/01/18 v1.5 color configuration of teTeX/TeXLive
)
Package xcolor Info: Driver file: pdftex.def on input line 225.
Package xcolor Info: Model `cmy' substituted by `cmy0' on input line 1337.
Package xcolor Info: Model `hsb' substituted by `rgb' on input line 1341.
Package xcolor Info: Model `RGB' extended on input line 1353.
Package xcolor Info: Model `HTML' substituted by `rgb' on input line 1355.
Package xcolor Info: Model `Hsb' substituted by `hsb' on input line 1356.
Package xcolor Info: Model `tHsb' substituted by `hsb' on input line 1357.
Package xcolor Info: Model `HSB' substituted by `hsb' on input line 1358.
Package xcolor Info: Model `Gray' substituted by `gray' on input line 1359.
Package xcolor Info: Model `wave' substituted by `hsb' on input line 1360.
) (./main.aux)
\openout1 = `main.aux'.

LaTeX Font Info:    Checking defaults for OML/cmm/m/it on input line 71.
LaTeX Font Info:    ... okay on input line 71.
LaTeX Font Info:    Checking defaults for T1/cmr/m/n on input line 71.
LaTeX Font Info:    ... okay on input line 71.
LaTeX Font Info:    Checking defaults for OT1/cmr/m/n on input line 71.
LaTeX Font Info:    ... okay on input line 71.
LaTeX Font Info:    Checking defaults for OMS/cmsy/m/n on input line 71.
LaTeX Font Info:    ... okay on input line 71.
LaTeX Font Info:    Checking defaults for OMX/cmex/m/n on input line 71.
LaTeX Font Info:    ... okay on input line 71.
LaTeX Font Info:    Checking defaults for U/cmr/m/n on input line 71.
LaTeX Font Info:    ... okay on input line 71.

ABD: EveryShipout initializing macros
(/usr/share/texlive/texmf-dist/tex/context/base/supp-pdf.mkii
[Loading MPS to PDF converter (version 2006.09.02).]
\scratchcounter=\count142
\scratchdimen=\dimen167
\scratchbox=\box50
\nofMPsegments=\count143
\nofMParguments=\count144
\everyMPshowfont=\toks17
\MPscratchCnt=\count145
\MPscratchDim=\dimen168
\MPnumerator=\count146
\makeMPintoPDFobject=\count147
\everyMPtoPDFconversion=\toks18
) (/usr/share/texlive/texmf-dist/tex/generic/oberdiek/pdftexcmds.sty
Package: pdftexcmds 2011/11/29 v0.20 Utility functions of pdfTeX for LuaTeX (HO
)

(/usr/share/texlive/texmf-dist/tex/generic/oberdiek/ifluatex.sty
Package: ifluatex 2010/03/01 v1.3 Provides the ifluatex switch (HO)
Package ifluatex Info: LuaTeX not detected.
)
(/usr/share/texlive/texmf-dist/tex/generic/oberdiek/ifpdf.sty
Package: ifpdf 2011/01/30 v2.3 Provides the ifpdf switch (HO)
Package ifpdf Info: pdfTeX in PDF mode is detected.
)
Package pdftexcmds Info: LuaTeX not detected.
Package pdftexcmds Info: \pdf@primitive is available.
Package pdftexcmds Info: \pdf@ifprimitive is available.
Package pdftexcmds Info: \pdfdraftmode found.
)
(/usr/share/texlive/texmf-dist/tex/latex/oberdiek/epstopdf-base.sty
Package: epstopdf-base 2010/02/09 v2.5 Base part for package epstopdf

(/usr/share/texlive/texmf-dist/tex/latex/oberdiek/grfext.sty
Package: grfext 2010/08/19 v1.1 Manage graphics extensions (HO)

(/usr/share/texlive/texmf-dist/tex/generic/oberdiek/kvdefinekeys.sty
Package: kvdefinekeys 2011/04/07 v1.3 Define keys (HO)
))
(/usr/share/texlive/texmf-dist/tex/latex/oberdiek/kvoptions.sty
Package: kvoptions 2011/06/30 v3.11 Key value format for package options (HO)

(/usr/share/texlive/texmf-dist/tex/generic/oberdiek/kvsetkeys.sty
Package: kvsetkeys 2012/04/25 v1.16 Key value parser (HO)

(/usr/share/texlive/texmf-dist/tex/generic/oberdiek/etexcmds.sty
Package: etexcmds 2011/02/16 v1.5 Avoid name clashes with e-TeX commands (HO)
Package etexcmds Info: Could not find \expanded.
(etexcmds)             That can mean that you are not using pdfTeX 1.50 or
(etexcmds)             that some package has redefined \expanded.
(etexcmds)             In the latter case, load this package earlier.
)))
Package grfext Info: Graphics extension search list:
(grfext)             [.png,.pdf,.jpg,.mps,.jpeg,.jbig2,.jb2,.PNG,.PDF,.JPG,.JPE
G,.JBIG2,.JB2,.eps]
(grfext)             \AppendGraphicsExtensions on input line 452.

(/usr/share/texlive/texmf-dist/tex/latex/latexconfig/epstopdf-sys.cfg
File: epstopdf-sys.cfg 2010/07/13 v1.3 Configuration of (r)epstopdf for TeX Liv
e
))
(/usr/share/texlive/texmf-dist/tex/latex/beamer/translator/dicts/translator-bas
ic-dictionary/translator-basic-dictionary-English.dict
Dictionary: translator-basic-dictionary, Language: English 
)
(/usr/share/texlive/texmf-dist/tex/latex/siunitx/siunitx-abbreviations.cfg
File: siunitx-abbreviations.cfg 2016/03/01 v2.6q siunitx: Abbreviated units
)
\c__siunitx_mathsf_int=\count148
LaTeX Font Info:    Try loading font information for OT1+lmss on input line 71.


(/usr/share/texmf/tex/latex/lm/ot1lmss.fd
File: ot1lmss.fd 2009/10/30 v1.6 Font defs for Latin Modern
)
\c__siunitx_mathtt_int=\count149
LaTeX Font Info:    Try loading font information for OT1+lmtt on input line 71.


(/usr/share/texmf/tex/latex/lm/ot1lmtt.fd
File: ot1lmtt.fd 2009/10/30 v1.6 Font defs for Latin Modern
)
LaTeX Font Info:    External font `lmex10' loaded for size
(Font)              <12> on input line 73.
 (./Sections/Abstract.tex
Underfull \hbox (badness 2443) in paragraph at lines 2--9
[]\OT1/lmr/m/n/10 Recent work has shown that LSTMs
 []

) (./Sections/Intro.tex
! Undefined control sequence.
l.2 \lipsum
           [1-6]
? 

LaTeX Warning: Citation `Gulordava:etal:2018' on page 1 undefined on input line
 5.


LaTeX Warning: Citation `Kuncoro:etal:2018a' on page 1 undefined on input line 
5.


LaTeX Warning: Citation `Bernardy:Lappin:2017' on page 1 undefined on input lin
e 6.


LaTeX Warning: Citation `Linzen:etal:2016' on page 1 undefined on input line 6.



LaTeX Warning: Citation `Kuncoro:etal:2018b' on page 1 undefined on input line 
8.


LaTeX Warning: Citation `Linzen:Leonard:2018' on page 1 undefined on input line
 8.


LaTeX Warning: Citation `Bowers:2009' on page 1 undefined on input line 8.

<Figures/Figure1_intro.png, id=1, 770.88pt x 321.2pt>
File: Figures/Figure1_intro.png Graphic file (type png)

<use Figures/Figure1_intro.png>
Package pdftex.def Info: Figures/Figure1_intro.png used on input line 11.
(pdftex.def)             Requested size: 227.6506pt x 94.8512pt.
) (./Sections/Related_literature.tex
Underfull \vbox (badness 3492) has occurred while \output is active []

)
(./Sections/The_data.tex
! Undefined control sequence.
<argument> \lipsum 
                   [1]
l.2 \textcolor{gray}{\lipsum[1]}
                                
? 
[1{/var/lib/texmf/fonts/map/pdftex/updmap/pdftex.map}



 <./Figures/Figure1_intro.png>]
! Undefined control sequence.
<argument> \lipsum 
                   [1]
l.21 \textcolor{gray}{\lipsum[1]}
                                 
? 
) (./Sections/The_models.tex
Underfull \hbox (badness 1817) in paragraph at lines 20--23
[]\OT1/lmr/m/n/10.95 - De-scribe the Fea-tures: net-work ac-tiv-
 []

)
! Undefined control sequence.
l.87 \lipsum
            [1]
? 
(./Sections/Results_number.tex [2]
! Undefined control sequence.
<recently read> \B 
                   
l.12 \B
        NA task & \B C & \B \textcolor{blue}{770} & \B \textcolor{blue}{776}...

? 
! Undefined control sequence.
l.12 \B NA task & \B
                     C & \B \textcolor{blue}{770} & \B \textcolor{blue}{776}...

? 
! Undefined control sequence.
l.12 \B NA task & \B C & \B
                            \textcolor{blue}{770} & \B \textcolor{blue}{776}...

? 
! Undefined control sequence.
l.12 ...ask & \B C & \B \textcolor{blue}{770} & \B
                                                   \textcolor{blue}{776} & \...

? 
! Undefined control sequence.
l.12 ...blue}{770} & \B \textcolor{blue}{776} & \B
                                                   \textcolor{red}{988} & \B...

? 
! Undefined control sequence.
l.12 ...{blue}{776} & \B \textcolor{red}{988} & \B
                                                   \textcolor{red}{1283} & \...

? 

Overfull \hbox (4.82814pt too wide) in paragraph at lines 12--12
 []|[]\OT1/lmr/m/n/10.95 1283[]| 
 []

! Undefined control sequence.
l.12 ...{red}{988} & \B \textcolor{red}{1283} & \B
                                                   Full \\
? 

Overfull \hbox (1.33035pt too wide) in paragraph at lines 12--13
 []|\OT1/lmr/m/n/10.95 Full| 
 []

! Undefined control sequence.
l.18 \B
        Simple & \B S & - &  - &    - &  - &  100 \\
? 
! Undefined control sequence.
l.18 \B Simple & \B
                    S & - &  - &    - &  - &  100 \\
? 
! Undefined control sequence.
l.20 \B
        Adv & \B S &  - &  - &  - &  - &  100 \\
? 
! Undefined control sequence.
l.20 \B Adv & \B
                 S &  - &  - &  - &  - &  100 \\
? 
! Undefined control sequence.
l.22 \B
        2Adv & \B S &  - &  - &  - &  - &  99.8 \\
? 
! Undefined control sequence.
l.22 \B 2Adv & \B
                  S &  - &  - &  - &  - &  99.8 \\
? 

Overfull \hbox (2.39479pt too wide) in paragraph at lines 22--23
 []|\OT1/lmr/m/n/10.95 99.8| 
 []

! Undefined control sequence.
l.24 \B
        Co-Adv & \B S &  - &  - &  \textcolor{red}{84.0} &  \textcolor{red}{...

? 
! Undefined control sequence.
l.24 \B Co-Adv & \B
                    S &  - &  - &  \textcolor{red}{84.0} &  \textcolor{red}{...

? 

Overfull \hbox (2.39479pt too wide) in paragraph at lines 24--24
 []|[]\OT1/lmr/m/n/10.95 84.0[]| 
 []


Overfull \hbox (2.39479pt too wide) in paragraph at lines 24--24
 []|[]\OT1/lmr/m/n/10.95 84.0[]| 
 []


Overfull \hbox (2.39479pt too wide) in paragraph at lines 24--25
 []|\OT1/lmr/m/n/10.95 98.8| 
 []

! Undefined control sequence.
l.26 \B
        namePP & \B S &  - &  - &  - &  - &  98.9 \\
? 

Overfull \hbox (0.61993pt too wide) in paragraph at lines 26--26
 []|\OT1/lmr/m/n/10.95 namePP| 
 []

! Undefined control sequence.
l.26 \B namePP & \B
                    S &  - &  - &  - &  - &  98.9 \\
? 

Overfull \hbox (2.39479pt too wide) in paragraph at lines 26--27
 []|\OT1/lmr/m/n/10.95 98.9| 
 []

! Undefined control sequence.
l.28 \B
        nounPP & \B SS &  - &  - & - &  - &  97.5 \\
? 
! Undefined control sequence.
l.28 \B nounPP & \B
                    SS &  - &  - & - &  - &  97.5 \\
? 

Overfull \hbox (0.78558pt too wide) in paragraph at lines 28--28
 []|\OT1/lmr/m/n/10.95 SS| 
 []


Overfull \hbox (2.39479pt too wide) in paragraph at lines 28--29
 []|\OT1/lmr/m/n/10.95 97.5| 
 []

! Undefined control sequence.
l.30 \B
        nounPP & \B SP &  \B - &  - &  \textcolor{red}{58.8} &  - &  88.5 \\
? 
! Undefined control sequence.
l.30 \B nounPP & \B
                    SP &  \B - &  - &  \textcolor{red}{58.8} &  - &  88.5 \\
? 

Overfull \hbox (2.15434pt too wide) in paragraph at lines 30--30
 []|\OT1/lmr/m/n/10.95 SP| 
 []

! Undefined control sequence.
l.30 \B nounPP & \B SP &  \B
                             - &  - &  \textcolor{red}{58.8} &  - &  88.5 \\
? 

Overfull \hbox (2.39479pt too wide) in paragraph at lines 30--30
 []|[]\OT1/lmr/m/n/10.95 58.8[]| 
 []


Overfull \hbox (2.39479pt too wide) in paragraph at lines 30--31
 []|\OT1/lmr/m/n/10.95 88.5| 
 []

! Undefined control sequence.
l.32 \B
        subjrel & \B SS &   - &  - & \textcolor{red}{88.0} &  - &  97.0 \\
? 
! Undefined control sequence.
l.32 \B subjrel & \B
                     SS &   - &  - & \textcolor{red}{88.0} &  - &  97.0 \\
? 

Overfull \hbox (0.78558pt too wide) in paragraph at lines 32--32
 []|\OT1/lmr/m/n/10.95 SS| 
 []


Overfull \hbox (2.39479pt too wide) in paragraph at lines 32--32
 []|[]\OT1/lmr/m/n/10.95 88.0[]| 
 []


Overfull \hbox (2.39479pt too wide) in paragraph at lines 32--33
 []|\OT1/lmr/m/n/10.95 97.0| 
 []

! Undefined control sequence.
l.34 \B
        subjrel & \B SP &  \B - &  - &  - &  - &  58.8 \\
? 
! Undefined control sequence.
l.34 \B subjrel & \B
                     SP &  \B - &  - &  - &  - &  58.8 \\
? 

Overfull \hbox (2.15434pt too wide) in paragraph at lines 34--34
 []|\OT1/lmr/m/n/10.95 SP| 
 []

! Undefined control sequence.
l.34 \B subjrel & \B SP &  \B
                              - &  - &  - &  - &  58.8 \\
? 

Overfull \hbox (2.39479pt too wide) in paragraph at lines 34--35
 []|\OT1/lmr/m/n/10.95 58.8| 
 []

! Undefined control sequence.
l.36 \B
        objrel & \B SS & \B - &  - &  - &  - &  64.7 \\
? 
! Undefined control sequence.
l.36 \B objrel & \B
                    SS & \B - &  - &  - &  - &  64.7 \\
? 

Overfull \hbox (0.78558pt too wide) in paragraph at lines 36--36
 []|\OT1/lmr/m/n/10.95 SS| 
 []

! Undefined control sequence.
l.36 \B objrel & \B SS & \B
                            - &  - &  - &  - &  64.7 \\
? 

Overfull \hbox (2.39479pt too wide) in paragraph at lines 36--37
 []|\OT1/lmr/m/n/10.95 64.7| 
 []

! Undefined control sequence.
l.38 \B
        objrel & \B SP &  \B - &  - &  - &  - &  45.7 \\
? 
! Undefined control sequence.
l.38 \B objrel & \B
                    SP &  \B - &  - &  - &  - &  45.7 \\
? 

Overfull \hbox (2.15434pt too wide) in paragraph at lines 38--38
 []|\OT1/lmr/m/n/10.95 SP| 
 []

! Undefined control sequence.
l.38 \B objrel & \B SP &  \B
                             - &  - &  - &  - &  45.7 \\
? 

Overfull \hbox (2.39479pt too wide) in paragraph at lines 38--39
 []|\OT1/lmr/m/n/10.95 45.7| 
 []

! Undefined control sequence.
<recently read> \B 
                   
l.42 \B
        Simple & \B P &  - &  - &  - &  - &  100 \\
? 
! Undefined control sequence.
l.42 \B Simple & \B
                    P &  - &  - &  - &  - &  100 \\
? 
! Undefined control sequence.
l.44 \B
        Adv & \B P &  - &  - &  - &  - &  99.6 \\
? 
! Undefined control sequence.
l.44 \B Adv & \B
                 P &  - &  - &  - &  - &  99.6 \\
? 

Overfull \hbox (2.39479pt too wide) in paragraph at lines 44--45
 []|\OT1/lmr/m/n/10.95 99.6| 
 []

! Undefined control sequence.
l.46 \B
        2Adv & \B P & - &  - & - & - &  99 \\
? 
! Undefined control sequence.
l.46 \B 2Adv & \B
                  P & - &  - & - & - &  99 \\
? 
! Undefined control sequence.
l.48 \B
        Co-Adv & \B P &  - &  \textcolor{blue}{78.9} & - &  - &  99.7 \\
? 
! Undefined control sequence.
l.48 \B Co-Adv & \B
                    P &  - &  \textcolor{blue}{78.9} & - &  - &  99.7 \\
? 

Overfull \hbox (2.39479pt too wide) in paragraph at lines 48--48
 []|[]\OT1/lmr/m/n/10.95 78.9[]| 
 []


Overfull \hbox (2.39479pt too wide) in paragraph at lines 48--49
 []|\OT1/lmr/m/n/10.95 99.7| 
 []

! Undefined control sequence.
l.50 \B
        namePP & \B P & - &  \textcolor{blue}{57.6} &  - &  - &  66.8 \\
? 

Overfull \hbox (0.61993pt too wide) in paragraph at lines 50--50
 []|\OT1/lmr/m/n/10.95 namePP| 
 []

! Undefined control sequence.
l.50 \B namePP & \B
                    P & - &  \textcolor{blue}{57.6} &  - &  - &  66.8 \\
? 

Overfull \hbox (2.39479pt too wide) in paragraph at lines 50--50
 []|[]\OT1/lmr/m/n/10.95 57.6[]| 
 []


Overfull \hbox (2.39479pt too wide) in paragraph at lines 50--51
 []|\OT1/lmr/m/n/10.95 66.8| 
 []

! Undefined control sequence.
l.52 \B
        nounPP & \B PS &  \textcolor{blue}{85.2} &  \textcolor{blue}{49.7} &...

? 
! Undefined control sequence.
l.52 \B nounPP & \B
                    PS &  \textcolor{blue}{85.2} &  \textcolor{blue}{49.7} &...

? 

Overfull \hbox (2.15434pt too wide) in paragraph at lines 52--52
 []|\OT1/lmr/m/n/10.95 PS| 
 []


Overfull \hbox (2.39479pt too wide) in paragraph at lines 52--52
 []|[]\OT1/lmr/m/n/10.95 85.2[]| 
 []


Overfull \hbox (2.39479pt too wide) in paragraph at lines 52--52
 []|[]\OT1/lmr/m/n/10.95 49.7[]| 
 []


Overfull \hbox (2.39479pt too wide) in paragraph at lines 52--53
 []|\OT1/lmr/m/n/10.95 93.2| 
 []

! Undefined control sequence.
l.54 \B
        nounPP & \B PP &  - &  \textcolor{blue}{81.7} &  - &  - &  98.3 \\
? 
! Undefined control sequence.
l.54 \B nounPP & \B
                    PP &  - &  \textcolor{blue}{81.7} &  - &  - &  98.3 \\
? 

Overfull \hbox (3.5231pt too wide) in paragraph at lines 54--54
 []|\OT1/lmr/m/n/10.95 PP| 
 []


Overfull \hbox (2.39479pt too wide) in paragraph at lines 54--54
 []|[]\OT1/lmr/m/n/10.95 81.7[]| 
 []


Overfull \hbox (2.39479pt too wide) in paragraph at lines 54--55
 []|\OT1/lmr/m/n/10.95 98.3| 
 []

! Undefined control sequence.
l.56 \B
        subjrel & \B PS &  \textcolor{blue}{85.8}  &  \textcolor{blue}{58.6}...

? 
! Undefined control sequence.
l.56 \B subjrel & \B
                     PS &  \textcolor{blue}{85.8}  &  \textcolor{blue}{58.6}...

? 

Overfull \hbox (2.15434pt too wide) in paragraph at lines 56--56
 []|\OT1/lmr/m/n/10.95 PS| 
 []


Overfull \hbox (2.39479pt too wide) in paragraph at lines 56--56
 []|[]\OT1/lmr/m/n/10.95 85.8[]| 
 []


Overfull \hbox (2.39479pt too wide) in paragraph at lines 56--56
 []|[]\OT1/lmr/m/n/10.95 58.6[]| 
 []


Overfull \hbox (2.39479pt too wide) in paragraph at lines 56--57
 []|\OT1/lmr/m/n/10.95 87.8| 
 []

! Undefined control sequence.
l.58 \B
        subjrel & \B PP &  - &  \textcolor{blue}{88.1} &  - &  - &  99.3 \\
? 
! Undefined control sequence.
l.58 \B subjrel & \B
                     PP &  - &  \textcolor{blue}{88.1} &  - &  - &  99.3 \\
? 

Overfull \hbox (3.5231pt too wide) in paragraph at lines 58--58
 []|\OT1/lmr/m/n/10.95 PP| 
 []


Overfull \hbox (2.39479pt too wide) in paragraph at lines 58--58
 []|[]\OT1/lmr/m/n/10.95 88.1[]| 
 []


Overfull \hbox (2.39479pt too wide) in paragraph at lines 58--59
 []|\OT1/lmr/m/n/10.95 99.3| 
 []

! Undefined control sequence.
l.60 \B
        objrel & \B PS & - &  - &  - &  - &  69.0 \\
? 
! Undefined control sequence.
l.60 \B objrel & \B
                    PS & - &  - &  - &  - &  69.0 \\
? 

Overfull \hbox (2.15434pt too wide) in paragraph at lines 60--60
 []|\OT1/lmr/m/n/10.95 PS| 
 []


Overfull \hbox (2.39479pt too wide) in paragraph at lines 60--61
 []|\OT1/lmr/m/n/10.95 69.0| 
 []

! Undefined control sequence.
l.62 \B
        objrel & \B PP &  - &  - &  - &  - &  81.0 \\
? 
! Undefined control sequence.
l.62 \B objrel & \B
                    PP &  - &  - &  - &  - &  81.0 \\
? 

Overfull \hbox (3.5231pt too wide) in paragraph at lines 62--62
 []|\OT1/lmr/m/n/10.95 PP| 
 []


Overfull \hbox (2.39479pt too wide) in paragraph at lines 62--63
 []|\OT1/lmr/m/n/10.95 81.0| 
 []

! Undefined control sequence.
<recently read> \B 
                   
l.65 \B
        Linzen & \B - &  ? &  ? &  ? &  ? &  ? \\
? 
! Undefined control sequence.
l.65 \B Linzen & \B
                    - &  ? &  ? &  ? &  ? &  ? \\
? 

Underfull \hbox (badness 2409) in paragraph at lines 74--75
\OT1/lmr/m/n/10.95 of the ablation-experiment re-sults. First,
 []


Underfull \hbox (badness 1596) in paragraph at lines 74--75
\OT1/lmr/m/n/10.95 in all NA-tasks, only four units from the
 []


Underfull \hbox (badness 1038) in paragraph at lines 74--75
\OT1/lmr/m/n/10.95 en-tire net-work (1300 LSTM units in to-tal)
 []


Underfull \hbox (badness 1275) in paragraph at lines 74--75
\OT1/lmr/m/n/10.95 This re-sult sug-gests a lo-cal cod-ing scheme
 []

[3]
Underfull \vbox (badness 10000) has occurred while \output is active []

 [4]
<Figures/Figure2_number_units_775_987_suggestion_input_forget.png, id=31, 666.5
703pt x 406.6392pt>
File: Figures/Figure2_number_units_775_987_suggestion_input_forget.png Graphic 
file (type png)

<use Figures/Figure2_number_units_775_987_suggestion_input_forget.png>
Package pdftex.def Info: Figures/Figure2_number_units_775_987_suggestion_input_
forget.png used on input line 84.
(pdftex.def)             Requested size: 469.75499pt x 286.5752pt.
LaTeX Font Info:    External font `lmex10' loaded for size
(Font)              <9> on input line 85.
LaTeX Font Info:    External font `lmex10' loaded for size
(Font)              <5> on input line 85.

Underfull \vbox (badness 7308) has occurred while \output is active []

 [5]
Underfull \hbox (badness 1983) in paragraph at lines 97--98
\OT1/lmr/m/n/10.95 in-tri-cate mech-a-nism un-der-ly-ing subject-verb
 []


<Figures/Figure3_number_units_775_987_output_hidden.png, id=35, 617.4267pt x 45
7.71pt>
File: Figures/Figure3_number_units_775_987_output_hidden.png Graphic file (type
 png)
 <use Figures/Figure3_number_units_775_987_output_hidden.png>
Package pdftex.def Info: Figures/Figure3_number_units_775_987_output_hidden.png
 used on input line 104.
(pdftex.def)             Requested size: 469.75499pt x 348.24734pt.

Underfull \vbox (badness 10000) has occurred while \output is active []

 [6 <./Figures/Figure2_number_units_775_987_suggestion_input_forget.png>]
<Figures/Figure5_output_weights.png, id=41, 1084.05pt x 722.7pt>
File: Figures/Figure5_output_weights.png Graphic file (type png)

<use Figures/Figure5_output_weights.png>
Package pdftex.def Info: Figures/Figure5_output_weights.png used on input line 
110.
(pdftex.def)             Requested size: 469.75499pt x 313.16995pt.

<Figures/Figure4_GAT_SR_vs_LR.png, id=42, 578.16pt x 433.62pt>
File: Figures/Figure4_GAT_SR_vs_LR.png Graphic file (type png)

<use Figures/Figure4_GAT_SR_vs_LR.png>
Package pdftex.def Info: Figures/Figure4_GAT_SR_vs_LR.png used on input line 12
3.
(pdftex.def)             Requested size: 227.6506pt x 170.73216pt.
) (./Sections/Results_syntax.tex
! Undefined control sequence.
l.2 \lipsum
           [1]
? 
! Undefined control sequence.
l.5 \lipsum
           [1]
? 
<Figures/Figure6_regression.png, id=43, 3889.53125pt x 1529.715pt>
File: Figures/Figure6_regression.png Graphic file (type png)

<use Figures/Figure6_regression.png>
Package pdftex.def Info: Figures/Figure6_regression.png used on input line 8.
(pdftex.def)             Requested size: 227.6506pt x 89.5148pt.

! Undefined control sequence.
l.13 \lipsum
            [1]
? 
! Undefined control sequence.
l.16 \lipsum
            [1]
? 
<Figures/Figure7_interactions.png, id=44, 1004.75375pt x 604.2575pt>
File: Figures/Figure7_interactions.png Graphic file (type png)

<use Figures/Figure7_interactions.png>
Package pdftex.def Info: Figures/Figure7_interactions.png used on input line 20
.
(pdftex.def)             Requested size: 469.75499pt x 282.50739pt.
) (./Sections/Results_RC.tex
! Undefined control sequence.
l.3 \lipsum
           [1]
? 
<Figures/Figure8_RC.png, id=45, 2873.73625pt x 1963.335pt>
File: Figures/Figure8_RC.png Graphic file (type png)

<use Figures/Figure8_RC.png>
Package pdftex.def Info: Figures/Figure8_RC.png used on input line 7.
(pdftex.def)             Requested size: 469.75499pt x 320.91054pt.

! Undefined control sequence.
l.11 \lipsum
            [1]
? 
<Figures/Figure9_doubleRC.png, id=46, 1482.53876pt x 1937.2375pt>
File: Figures/Figure9_doubleRC.png Graphic file (type png)

<use Figures/Figure9_doubleRC.png>
Package pdftex.def Info: Figures/Figure9_doubleRC.png used on input line 15.
(pdftex.def)             Requested size: 227.6506pt x 297.46053pt.
) (./Sections/Discussion.tex
! Undefined control sequence.
l.3 \lipsum
           [1]
? 
)
! Undefined control sequence.
l.97 \lipsum
            [1]
? 
No file main.bbl.
[7] [8 <./Figures/Figure3_number_units_775_987_output_hidden.png>] [9 <./Figure
s/Figure5_output_weights.png>] [10


 <./Figures/Figure4_GAT_SR_vs_LR.png> <./Figures/Figure6_regression.png>] [11 <
./Figures/Figure7_interactions.png>] [12 <./Figures/Figure8_RC.png>] [13


 <./Figures/Figure9_doubleRC.png>] (./main.aux) )
(\end occurred when \iffalse on line 298 was incomplete) 
Here is how much of TeX's memory you used:
 11849 strings out of 494953
 247667 string characters out of 6180978
 275703 words of memory out of 5000000
 14976 multiletter control sequences out of 15000+600000
 68760 words of font info for 63 fonts, out of 8000000 for 9000
 14 hyphenation exceptions out of 8191
 38i,10n,42p,10376b,531s stack positions out of 5000i,500n,10000p,200000b,80000s
{/usr/share/texmf/fonts
/enc/dvips/lm/lm-mathsy.enc}{/usr/share/texmf/fonts/enc/dvips/lm/lm-mathit.enc}
{/usr/share/texmf/fonts/enc/dvips/lm/lm-rm.enc}{/usr/share/texlive/texmf-dist/f
onts/enc/dvips/base/8r.enc}</usr/share/texmf/fonts/type1/public/lm/lmbx10.pfb><
/usr/share/texmf/fonts/type1/public/lm/lmbx12.pfb></usr/share/texmf/fonts/type1
/public/lm/lmbx9.pfb></usr/share/texmf/fonts/type1/public/lm/lmmi10.pfb></usr/s
hare/texmf/fonts/type1/public/lm/lmmi6.pfb></usr/share/texmf/fonts/type1/public
/lm/lmmi8.pfb></usr/share/texmf/fonts/type1/public/lm/lmmi9.pfb></usr/share/tex
mf/fonts/type1/public/lm/lmr10.pfb></usr/share/texmf/fonts/type1/public/lm/lmr8
.pfb></usr/share/texmf/fonts/type1/public/lm/lmr9.pfb></usr/share/texmf/fonts/t
ype1/public/lm/lmri10.pfb></usr/share/texmf/fonts/type1/public/lm/lmsy10.pfb></
usr/share/texmf/fonts/type1/public/lm/lmsy8.pfb></usr/share/texmf/fonts/type1/p
ublic/lm/lmsy9.pfb></usr/share/texlive/texmf-dist/fonts/type1/urw/helvetic/uhvb
8a.pfb>
Output written on main.pdf (13 pages, 3658797 bytes).
PDF statistics:
 130 PDF objects out of 1000 (max. 8388607)
 81 compressed objects within 1 object stream
 0 named destinations out of 1000 (max. 500000)
 46 words of extra memory for PDF output out of 10000 (max. 10000000)

